<?xml version="1.0" encoding="UTF-8"?>
<testsuites name="Mocha Tests" time="48.315" tests="1" failures="0">
  <testsuite name="Root Suite" timestamp="2025-04-23T14:13:56" tests="0" file="cypress\e2e\login.cy.js" time="0.000" failures="0">
  </testsuite>
  <testsuite name="Login account" timestamp="2025-04-23T14:13:56" tests="1" time="48.313" failures="0">
    <testcase name="Login account passes" time="43.172" classname="passes">
    </testcase>
  </testsuite>
</testsuites>