<?xml version="1.0" encoding="UTF-8"?>
<testsuites name="Mocha Tests" time="51.695" tests="1" failures="0">
  <testsuite name="Root Suite" timestamp="2025-04-25T04:00:33" tests="0" file="cypress\e2e\sidebarmenutest.cy.js" time="0.000" failures="0">
  </testsuite>
  <testsuite name="dropdown menu" timestamp="2025-04-25T04:00:33" tests="1" time="51.694" failures="0">
    <testcase name="dropdown menu tests dropdown menu" time="47.391" classname="tests dropdown menu">
    </testcase>
  </testsuite>
</testsuites>